[INFO] [2016-08-09 17:46:41][org.springframework.context.support.ClassPathXmlApplicationContext]Refreshing org.springframework.context.support.ClassPathXmlApplicationContext@2f32f43d: startup date [Tue Aug 09 17:46:41 CST 2016]; root of context hierarchy
  [INFO] [2016-08-09 17:46:41][org.springframework.beans.factory.xml.XmlBeanDefinitionReader]Loading XML bean definitions from class path resource [spring-config.xml]
  [INFO] [2016-08-09 17:46:42][org.springframework.beans.factory.xml.XmlBeanDefinitionReader]Loading XML bean definitions from URL [file:/Users/Bdong/Documents/Work/gitLocal/app/app-base/app-base-dao/target/classes/spring-config-mybatis.xml]
  [INFO] [2016-08-09 17:46:42][org.springframework.beans.factory.xml.XmlBeanDefinitionReader]Loading XML bean definitions from URL [file:/Users/Bdong/Documents/Work/gitLocal/app/app-management/app-management-web/target/classes/spring-config-aop.xml]
  [INFO] [2016-08-09 17:46:42][org.springframework.beans.factory.config.PropertyPlaceholderConfigurer]Loading properties file from class path resource [jdbc.properties]
  [INFO] [2016-08-09 17:49:52][org.springframework.context.support.ClassPathXmlApplicationContext]Refreshing org.springframework.context.support.ClassPathXmlApplicationContext@d818ff0: startup date [Tue Aug 09 17:49:52 CST 2016]; root of context hierarchy
  [INFO] [2016-08-09 17:49:52][org.springframework.beans.factory.xml.XmlBeanDefinitionReader]Loading XML bean definitions from class path resource [spring-config.xml]
  [INFO] [2016-08-09 17:49:53][org.springframework.beans.factory.xml.XmlBeanDefinitionReader]Loading XML bean definitions from URL [file:/Users/Bdong/Documents/Work/gitLocal/app/app-base/app-base-dao/target/classes/spring-config-mybatis.xml]
  [INFO] [2016-08-09 17:49:53][org.springframework.beans.factory.xml.XmlBeanDefinitionReader]Loading XML bean definitions from URL [file:/Users/Bdong/Documents/Work/gitLocal/app/app-management/app-management-web/target/classes/spring-config-aop.xml]
  [INFO] [2016-08-09 17:49:53][org.springframework.beans.factory.config.PropertyPlaceholderConfigurer]Loading properties file from class path resource [jdbc.properties]
  [INFO] [2016-08-09 17:50:03][org.springframework.context.support.ClassPathXmlApplicationContext]Refreshing org.springframework.context.support.ClassPathXmlApplicationContext@40133da0: startup date [Tue Aug 09 17:50:03 CST 2016]; root of context hierarchy
  [INFO] [2016-08-09 17:50:03][org.springframework.beans.factory.xml.XmlBeanDefinitionReader]Loading XML bean definitions from class path resource [spring-config.xml]
  [INFO] [2016-08-09 17:50:04][org.springframework.beans.factory.xml.XmlBeanDefinitionReader]Loading XML bean definitions from URL [file:/Users/Bdong/Documents/Work/gitLocal/app/app-base/app-base-dao/target/classes/spring-config-mybatis.xml]
  [INFO] [2016-08-09 17:50:04][org.springframework.beans.factory.xml.XmlBeanDefinitionReader]Loading XML bean definitions from URL [file:/Users/Bdong/Documents/Work/gitLocal/app/app-management/app-management-web/target/classes/spring-config-aop.xml]
  [INFO] [2016-08-09 17:50:04][org.springframework.beans.factory.config.PropertyPlaceholderConfigurer]Loading properties file from class path resource [jdbc.properties]
  [INFO] [2016-08-09 17:51:38][org.springframework.context.support.ClassPathXmlApplicationContext]Refreshing org.springframework.context.support.ClassPathXmlApplicationContext@3510dc7d: startup date [Tue Aug 09 17:51:38 CST 2016]; root of context hierarchy
  [INFO] [2016-08-09 17:51:38][org.springframework.beans.factory.xml.XmlBeanDefinitionReader]Loading XML bean definitions from class path resource [spring-config.xml]
  [INFO] [2016-08-09 17:51:39][org.springframework.beans.factory.xml.XmlBeanDefinitionReader]Loading XML bean definitions from URL [file:/Users/Bdong/Documents/Work/gitLocal/app/app-base/app-base-dao/target/classes/spring-config-mybatis.xml]
  [INFO] [2016-08-09 17:51:39][org.springframework.beans.factory.xml.XmlBeanDefinitionReader]Loading XML bean definitions from URL [file:/Users/Bdong/Documents/Work/gitLocal/app/app-management/app-management-web/target/classes/spring-config-aop.xml]
  [INFO] [2016-08-09 17:51:39][org.springframework.beans.factory.config.PropertyPlaceholderConfigurer]Loading properties file from class path resource [jdbc.properties]
  [INFO] [2016-08-09 17:51:58][org.springframework.context.support.ClassPathXmlApplicationContext]Refreshing org.springframework.context.support.ClassPathXmlApplicationContext@d818ff0: startup date [Tue Aug 09 17:51:58 CST 2016]; root of context hierarchy
  [INFO] [2016-08-09 17:51:58][org.springframework.beans.factory.xml.XmlBeanDefinitionReader]Loading XML bean definitions from class path resource [spring-config-aop.xml]
  [INFO] [2016-08-09 17:56:49][org.springframework.context.support.ClassPathXmlApplicationContext]Refreshing org.springframework.context.support.ClassPathXmlApplicationContext@38862c65: startup date [Tue Aug 09 17:56:49 CST 2016]; root of context hierarchy
  [INFO] [2016-08-09 17:56:49][org.springframework.beans.factory.xml.XmlBeanDefinitionReader]Loading XML bean definitions from class path resource [spring-config-aop.xml]
  [INFO] [2016-08-09 17:57:11][org.springframework.context.support.ClassPathXmlApplicationContext]Refreshing org.springframework.context.support.ClassPathXmlApplicationContext@1d04966e: startup date [Tue Aug 09 17:57:11 CST 2016]; root of context hierarchy
  [INFO] [2016-08-09 17:57:11][org.springframework.beans.factory.xml.XmlBeanDefinitionReader]Loading XML bean definitions from class path resource [spring-config-aop.xml]
  [INFO] [2016-08-09 17:57:48][org.springframework.context.support.ClassPathXmlApplicationContext]Refreshing org.springframework.context.support.ClassPathXmlApplicationContext@4be15994: startup date [Tue Aug 09 17:57:48 CST 2016]; root of context hierarchy
  [INFO] [2016-08-09 17:57:48][org.springframework.beans.factory.xml.XmlBeanDefinitionReader]Loading XML bean definitions from class path resource [spring-config-aop.xml]
  [INFO] [2016-08-09 17:58:51][org.springframework.context.support.ClassPathXmlApplicationContext]Refreshing org.springframework.context.support.ClassPathXmlApplicationContext@66147e60: startup date [Tue Aug 09 17:58:51 CST 2016]; root of context hierarchy
  [INFO] [2016-08-09 17:58:52][org.springframework.beans.factory.xml.XmlBeanDefinitionReader]Loading XML bean definitions from class path resource [spring-config-aop.xml]
  [INFO] [2016-08-09 18:00:18][org.springframework.context.support.ClassPathXmlApplicationContext]Refreshing org.springframework.context.support.ClassPathXmlApplicationContext@4be15994: startup date [Tue Aug 09 18:00:18 CST 2016]; root of context hierarchy
  [INFO] [2016-08-09 18:00:18][org.springframework.beans.factory.xml.XmlBeanDefinitionReader]Loading XML bean definitions from class path resource [spring-config-aop.xml]
  [INFO] [2016-08-09 18:02:23][org.springframework.context.support.ClassPathXmlApplicationContext]Refreshing org.springframework.context.support.ClassPathXmlApplicationContext@4c6d47ff: startup date [Tue Aug 09 18:02:23 CST 2016]; root of context hierarchy
  [INFO] [2016-08-09 18:02:23][org.springframework.beans.factory.xml.XmlBeanDefinitionReader]Loading XML bean definitions from class path resource [spring-config-aop.xml]
  [INFO] [2016-08-09 18:08:01][org.springframework.context.support.ClassPathXmlApplicationContext]Refreshing org.springframework.context.support.ClassPathXmlApplicationContext@37c02a77: startup date [Tue Aug 09 18:08:01 CST 2016]; root of context hierarchy
  [INFO] [2016-08-09 18:08:01][org.springframework.beans.factory.xml.XmlBeanDefinitionReader]Loading XML bean definitions from class path resource [spring-config-aop.xml]
  [WARN] [2016-08-09 18:08:02][org.springframework.context.support.ClassPathXmlApplicationContext]Exception encountered during context initialization - cancelling refresh attempt: org.springframework.beans.factory.BeanCreationException: Error creating bean with name 'testAspect' defined in class path resource [spring-config-aop.xml]: BeanPostProcessor before instantiation of bean failed; nested exception is org.springframework.beans.factory.BeanCreationException: Error creating bean with name 'org.springframework.aop.aspectj.AspectJPointcutAdvisor#0': Cannot create inner bean '(inner bean)#262d5f10' of type [org.springframework.aop.aspectj.AspectJMethodBeforeAdvice] while setting constructor argument; nested exception is org.springframework.beans.factory.BeanCreationException: Error creating bean with name '(inner bean)#262d5f10': Cannot resolve reference to bean 'pointBiz' while setting constructor argument; nested exception is org.springframework.beans.factory.BeanCreationException: Error creating bean with name 'pointBiz': Instantiation of bean failed; nested exception is java.lang.NoClassDefFoundError: org/aspectj/weaver/reflect/ReflectionWorld$ReflectionWorldException
  [INFO] [2016-08-15 14:29:30][org.springframework.context.support.ClassPathXmlApplicationContext]Refreshing org.springframework.context.support.ClassPathXmlApplicationContext@1574409e: startup date [Mon Aug 15 14:29:30 CST 2016]; root of context hierarchy
  [INFO] [2016-08-15 14:29:31][org.springframework.beans.factory.xml.XmlBeanDefinitionReader]Loading XML bean definitions from class path resource [spring-config-aop.xml]
  [WARN] [2016-08-15 14:29:31][org.springframework.context.support.ClassPathXmlApplicationContext]Exception encountered during context initialization - cancelling refresh attempt: org.springframework.beans.factory.BeanCreationException: Error creating bean with name 'testAspect' defined in class path resource [spring-config-aop.xml]: BeanPostProcessor before instantiation of bean failed; nested exception is org.springframework.beans.factory.BeanCreationException: Error creating bean with name 'org.springframework.aop.aspectj.AspectJPointcutAdvisor#0': Cannot create inner bean '(inner bean)#5a0871f8' of type [org.springframework.aop.aspectj.AspectJMethodBeforeAdvice] while setting constructor argument; nested exception is org.springframework.beans.factory.BeanCreationException: Error creating bean with name '(inner bean)#5a0871f8': Cannot resolve reference to bean 'pointBiz' while setting constructor argument; nested exception is org.springframework.beans.factory.BeanCreationException: Error creating bean with name 'pointBiz': Instantiation of bean failed; nested exception is java.lang.NoClassDefFoundError: org/aspectj/weaver/reflect/ReflectionWorld$ReflectionWorldException
  [INFO] [2016-08-15 14:53:49][org.springframework.context.support.ClassPathXmlApplicationContext]Refreshing org.springframework.context.support.ClassPathXmlApplicationContext@1574409e: startup date [Mon Aug 15 14:53:49 CST 2016]; root of context hierarchy
  [INFO] [2016-08-15 14:53:49][org.springframework.beans.factory.xml.XmlBeanDefinitionReader]Loading XML bean definitions from class path resource [spring-config-aop.xml]
  [INFO] [2016-08-15 14:53:50][BdAspect]BdAspect before()
  [INFO] [2016-08-15 14:53:50][AspectBiz]AspectBiz biz()
  [INFO] [2016-08-15 15:18:17][org.springframework.context.support.ClassPathXmlApplicationContext]Refreshing org.springframework.context.support.ClassPathXmlApplicationContext@1574409e: startup date [Mon Aug 15 15:18:17 CST 2016]; root of context hierarchy
  [INFO] [2016-08-15 15:18:17][org.springframework.beans.factory.xml.XmlBeanDefinitionReader]Loading XML bean definitions from class path resource [spring-config-aop.xml]
  [INFO] [2016-08-15 15:18:18][BdAspect]BdAspect before()
  [INFO] [2016-08-15 15:18:18][AspectBiz]AspectBiz biz()
  [INFO] [2016-09-21 17:37:28][org.springframework.context.support.ClassPathXmlApplicationContext]Refreshing org.springframework.context.support.ClassPathXmlApplicationContext@d233caf: startup date [Wed Sep 21 17:37:28 CST 2016]; root of context hierarchy
  [INFO] [2016-09-21 17:37:28][org.springframework.beans.factory.xml.XmlBeanDefinitionReader]Loading XML bean definitions from class path resource [spring-config-aop.xml]
  [INFO] [2016-09-21 17:37:29][BdAspect]BdAspect before()
  [INFO] [2016-09-21 17:37:29][AspectBiz]AspectBiz biz()
  [INFO] [2016-09-21 23:08:26][org.springframework.context.support.ClassPathXmlApplicationContext]Refreshing org.springframework.context.support.ClassPathXmlApplicationContext@549f4bec: startup date [Wed Sep 21 23:08:26 CST 2016]; root of context hierarchy
  [INFO] [2016-09-21 23:08:26][org.springframework.beans.factory.xml.XmlBeanDefinitionReader]Loading XML bean definitions from class path resource [spring-config-aop.xml]
  [INFO] [2016-09-21 23:08:27][BdAspect]BdAspect before()
  [INFO] [2016-09-21 23:08:27][AspectBiz]AspectBiz biz()
  [INFO] [2016-09-22 14:36:38][org.springframework.context.support.ClassPathXmlApplicationContext]Refreshing org.springframework.context.support.ClassPathXmlApplicationContext@17ef771b: startup date [Thu Sep 22 14:36:38 CST 2016]; root of context hierarchy
  [INFO] [2016-09-22 14:36:38][org.springframework.beans.factory.xml.XmlBeanDefinitionReader]Loading XML bean definitions from class path resource [spring-config-aop.xml]
  [INFO] [2016-09-22 14:36:38][BdAspect]BdAspect before()
  [INFO] [2016-09-22 14:36:38][AspectBiz]AspectBiz biz()
  [INFO] [2016-11-03 14:34:40][org.springframework.context.support.ClassPathXmlApplicationContext]Refreshing org.springframework.context.support.ClassPathXmlApplicationContext@5f3bbd78: startup date [Thu Nov 03 14:34:40 CST 2016]; root of context hierarchy
  [INFO] [2016-11-03 14:34:40][org.springframework.beans.factory.xml.XmlBeanDefinitionReader]Loading XML bean definitions from class path resource [spring-config-aop.xml]
  [INFO] [2016-11-03 14:34:41][BdAspect]BdAspect before()
  [INFO] [2016-11-03 14:34:41][AspectBiz]AspectBiz biz()
  [INFO] [2016-11-06 09:40:03][org.springframework.context.support.ClassPathXmlApplicationContext]Refreshing org.springframework.context.support.ClassPathXmlApplicationContext@4231c44c: startup date [Sun Nov 06 09:40:03 CST 2016]; root of context hierarchy
  [INFO] [2016-11-06 09:40:03][org.springframework.beans.factory.xml.XmlBeanDefinitionReader]Loading XML bean definitions from class path resource [spring-config-aop.xml]
  [INFO] [2016-11-06 09:40:04][BdAspect]BdAspect before()
  [INFO] [2016-11-06 09:40:04][AspectBiz]AspectBiz biz()
  [INFO] [2016-11-06 10:41:16][org.springframework.context.support.ClassPathXmlApplicationContext]Refreshing org.springframework.context.support.ClassPathXmlApplicationContext@514e7b87: startup date [Sun Nov 06 10:41:16 CST 2016]; root of context hierarchy
  [INFO] [2016-11-06 10:41:16][org.springframework.beans.factory.xml.XmlBeanDefinitionReader]Loading XML bean definitions from class path resource [spring-config-aop.xml]
  [INFO] [2016-11-06 10:41:17][BdAspect]BdAspect before()
  [INFO] [2016-11-06 10:41:17][AspectBiz]AspectBiz biz()
  [INFO] [2016-11-06 10:52:31][org.springframework.context.support.ClassPathXmlApplicationContext]Refreshing org.springframework.context.support.ClassPathXmlApplicationContext@4231c44c: startup date [Sun Nov 06 10:52:31 CST 2016]; root of context hierarchy
  [INFO] [2016-11-06 10:52:31][org.springframework.beans.factory.xml.XmlBeanDefinitionReader]Loading XML bean definitions from class path resource [spring-config-aop.xml]
  [INFO] [2016-11-06 10:52:32][BdAspect]BdAspect before()
  [INFO] [2016-11-06 10:52:32][AspectBiz]AspectBiz biz()
  [INFO] [2016-11-06 10:58:49][org.springframework.context.support.ClassPathXmlApplicationContext]Refreshing org.springframework.context.support.ClassPathXmlApplicationContext@514e7b87: startup date [Sun Nov 06 10:58:49 CST 2016]; root of context hierarchy
  [INFO] [2016-11-06 10:58:49][org.springframework.beans.factory.xml.XmlBeanDefinitionReader]Loading XML bean definitions from class path resource [spring-config-aop.xml]
  [INFO] [2016-11-06 10:58:49][BdAspect]BdAspect before()
  [INFO] [2016-11-06 10:58:49][AspectBiz]AspectBiz biz()
  